[2012-10-26 15:26:46] START
[2012-10-26 15:54:50] EDIT rideshare/views/default/index.html: -1
[2012-10-26 16:03:31] EDIT Ridshare/views/default/index.html: 1
[2012-10-26 16:15:07] EDIT Ridshare/models/db.py: 6
[2012-10-26 16:18:10] EDIT Ridshare/models/db.py: 6
[2012-10-26 16:20:54] EDIT Ridshare/models/db.py: 3
[2012-10-26 16:21:54] EDIT Ridshare/models/db.py: 0
[2012-10-27 21:04:17] EDIT Ridshare/models/db.py: 0
[2012-10-27 21:05:18] EDIT Ridshare/models/db.py: 0
[2012-10-27 21:23:45] EDIT Ridshare/controllers/default.py: 6
[2012-10-27 21:24:46] CREATE add.html: 0
[2012-10-27 21:25:20] EDIT Ridshare/views/add.html: 1
[2012-10-27 21:25:44] EDIT Ridshare/controllers/default.py: 0
[2012-10-27 21:29:52] EDIT Ridshare/views/default/index.html: -5
[2012-10-27 21:34:15] EDIT Ridshare/views/default/index.html: -4
[2012-10-27 21:35:11] EDIT Ridshare/views/default/index.html: -22
[2012-10-27 21:35:28] EDIT Ridshare/views/default/index.html: -1
[2012-10-27 21:36:59] EDIT Ridshare/views/default/index.html: 7
[2012-10-27 21:38:01] EDIT Ridshare/views/default/index.html: 0
[2012-10-27 21:39:58] EDIT Ridshare/controllers/default.py: 1
[2012-10-27 21:46:45] EDIT Ridshare/models/db.py: 2
[2012-10-27 21:47:25] EDIT Ridshare/models/db.py: 0
[2012-10-27 22:08:56] CREATE default/add.html: 0
[2012-10-27 22:09:01] EDIT Ridshare/views/default/add.html: 1
[2012-10-27 22:09:09] DELETE Ridshare/views/add.html: -4
[2012-10-27 22:11:35] EDIT Ridshare/views/default/add.html: -1
[2012-10-28 12:27:11] EDIT Ridshare/controllers/default.py: 1
[2012-10-28 12:29:48] EDIT Ridshare/controllers/default.py: 3
[2012-10-28 12:30:04] EDIT Ridshare/controllers/default.py: 0
[2012-10-28 12:30:56] EDIT Ridshare/controllers/default.py: -3
[2012-10-28 12:32:39] EDIT Ridshare/models/db.py: 0
[2012-10-28 12:34:55] EDIT Ridshare/models/db.py: 0
[2012-10-28 12:35:46] EDIT Ridshare/models/db.py: 0
[2012-10-28 12:35:51] EDIT Ridshare/models/db.py: 0
[2012-10-28 12:37:14] EDIT Ridshare/models/db.py: 1
[2012-10-28 12:38:19] EDIT Ridshare/views/default/index.html: 0
[2012-10-28 12:40:57] CREATE rideshare.py: 0
[2012-10-28 12:41:05] EDIT Ridshare/models/rideshare.py: 18
[2012-10-28 12:41:17] EDIT Ridshare/models/db.py: -18
[2012-10-28 12:41:53] EDIT Ridshare/views/default/index.html: 0
[2012-10-28 12:42:34] EDIT Ridshare/views/default/index.html: 0
[2012-10-28 12:43:27] CREATE default/view.html: 0
[2012-10-28 12:45:39] EDIT Ridshare/models/rideshare.py: 0
[2012-10-28 12:45:53] EDIT Ridshare/models/rideshare.py: 0
[2012-10-28 12:45:59] EDIT Ridshare/models/rideshare.py: 0
[2012-10-28 12:49:02] EDIT Ridshare/views/default/view.html: 6
[2012-10-28 12:50:39] EDIT Ridshare/views/default/index.html: 1
[2012-10-28 12:51:13] EDIT Ridshare/views/default/index.html: -1
[2012-10-28 12:52:48] EDIT Ridshare/controllers/default.py: 3
[2012-10-28 12:57:18] EDIT Ridshare/controllers/default.py: 0
[2012-10-28 12:58:04] EDIT Ridshare/views/default/view.html: 0
[2012-10-28 13:00:01] EDIT Ridshare/views/default/index.html: 0
[2012-10-28 13:00:20] EDIT Ridshare/controllers/default.py: 0
[2012-10-28 13:00:39] EDIT Ridshare/controllers/default.py: 0
[2012-10-28 13:01:25] EDIT Ridshare/controllers/default.py: 0
[2012-10-28 13:02:26] EDIT Ridshare/views/default/view.html: 0
[2012-10-28 13:03:48] EDIT Ridshare/views/default/view.html: -5
[2012-10-28 13:05:42] CREATE default/delete.html: 0
[2012-10-28 13:08:01] EDIT Ridshare/controllers/default.py: 15
[2012-10-28 13:08:07] EDIT Ridshare/controllers/default.py: -2
[2012-10-28 13:09:03] EDIT Ridshare/views/default/delete.html: 0
[2012-10-28 13:09:48] EDIT Ridshare/views/default/view.html: 3
[2012-10-28 13:10:14] EDIT Ridshare/views/default/view.html: 0
[2012-10-28 13:10:43] EDIT Ridshare/views/default/view.html: 0
[2012-10-28 13:12:46] EDIT Ridshare/controllers/default.py: 0
[2012-10-28 13:13:19] EDIT Ridshare/views/default/delete.html: -1
[2012-10-28 13:16:02] EDIT Ridshare/controllers/default.py: 0
[2012-11-03 18:12:33] EDIT Ridshare/views/default/view.html: 4
[2012-11-03 18:12:58] CREATE default/update.html: 0
[2012-11-03 18:13:09] EDIT Ridshare/views/default/update.html: -1
[2012-11-03 18:15:33] EDIT Ridshare/controllers/default.py: 12
[2012-11-03 18:15:39] EDIT Ridshare/controllers/default.py: 0
[2012-11-03 18:18:48] EDIT Ridshare/controllers/default.py: -1
[2012-11-03 18:18:59] EDIT Ridshare/controllers/default.py: 0
[2012-11-03 18:22:50] EDIT Ridshare/models/rideshare.py: 1
[2012-11-03 18:23:10] EDIT Ridshare/models/rideshare.py: 0
[2012-11-03 18:25:37] EDIT Ridshare/models/rideshare.py: 0
[2012-11-03 18:38:51] EDIT Ridshare/controllers/default.py: 1
[2012-11-03 18:40:20] EDIT Ridshare/controllers/default.py: 0
[2012-11-03 18:41:46] EDIT Ridshare/controllers/default.py: -4
[2012-11-03 18:42:29] EDIT Ridshare/controllers/default.py: 0
[2012-11-03 18:42:43] EDIT Ridshare/views/default/update.html: 1
[2012-11-28 14:17:42] EDIT rideshare/views/default/index.html: 1
[2012-11-28 14:22:13] EDIT rideshare/views/default/index.html: -1
