timestamp: 2012-10-26T15:49:53.262000
CREATE TABLE auth_user(
    id INTEGER PRIMARY KEY AUTOINCREMENT,
    first_name CHAR(128),
    last_name CHAR(128),
    email CHAR(512),
    password CHAR(512),
    registration_key CHAR(512),
    reset_password_key CHAR(512),
    registration_id CHAR(512)
);
success!
timestamp: 2012-10-26T15:49:53.304000
CREATE TABLE auth_group(
    id INTEGER PRIMARY KEY AUTOINCREMENT,
    role CHAR(512),
    description TEXT
);
success!
timestamp: 2012-10-26T15:49:53.334000
CREATE TABLE auth_membership(
    id INTEGER PRIMARY KEY AUTOINCREMENT,
    user_id INTEGER REFERENCES auth_user (id) ON DELETE CASCADE,
    group_id INTEGER REFERENCES auth_group (id) ON DELETE CASCADE
);
success!
timestamp: 2012-10-26T15:49:53.371000
CREATE TABLE auth_permission(
    id INTEGER PRIMARY KEY AUTOINCREMENT,
    group_id INTEGER REFERENCES auth_group (id) ON DELETE CASCADE,
    name CHAR(512),
    table_name CHAR(512),
    record_id INTEGER
);
success!
timestamp: 2012-10-26T15:49:53.400000
CREATE TABLE auth_event(
    id INTEGER PRIMARY KEY AUTOINCREMENT,
    time_stamp TIMESTAMP,
    client_ip CHAR(512),
    user_id INTEGER REFERENCES auth_user (id) ON DELETE CASCADE,
    origin CHAR(512),
    description TEXT
);
success!
timestamp: 2012-10-26T15:49:53.426000
CREATE TABLE auth_cas(
    id INTEGER PRIMARY KEY AUTOINCREMENT,
    user_id INTEGER REFERENCES auth_user (id) ON DELETE CASCADE,
    created_on TIMESTAMP,
    service CHAR(512),
    ticket CHAR(512),
    renew CHAR(1)
);
success!
timestamp: 2012-10-27T21:05:30.526831
CREATE TABLE people(
    id INTEGER PRIMARY KEY AUTOINCREMENT,
    name CHAR(512),
    aboutMe CHAR(512),
    email CHAR(512),
    sex CHAR(512),
    age CHAR(512)
);
success!
timestamp: 2012-10-27T21:05:30.578935
CREATE TABLE ride(
    id INTEGER PRIMARY KEY AUTOINCREMENT,
    meeting_location CHAR(512),
    departure_time CHAR(512),
    trip_length CHAR(512),
    completed CHAR(512),
    comments CHAR(512),
    price CHAR(512),
    numberSeatsOpen CHAR(512),
    owner CHAR(512)
);
success!
timestamp: 2012-10-27T21:47:27.575049
ALTER TABLE ride ADD number_of_seats_open CHAR(512);
timestamp: 2012-10-28T12:38:26.456737
ALTER TABLE ride ADD destination CHAR(512);
